{"C:\\Users\\luisg\\Desktop\\Projetos Dev\\teste-tecnico\\devnology-ecommerce\\frontend\\src\\components\\Header.tsx": {"path":"C:\\Users\\luisg\\Desktop\\Projetos Dev\\teste-tecnico\\devnology-ecommerce\\frontend\\src\\components\\Header.tsx","all":false,"statementMap":{"0":{"start":{"line":1,"column":0},"end":{"line":1,"column":59}},"1":{"start":{"line":2,"column":0},"end":{"line":2,"column":47}},"2":{"start":{"line":3,"column":0},"end":{"line":3,"column":49}},"4":{"start":{"line":5,"column":0},"end":{"line":5,"column":34}},"5":{"start":{"line":6,"column":0},"end":{"line":6,"column":35}},"6":{"start":{"line":7,"column":0},"end":{"line":7,"column":33}},"8":{"start":{"line":9,"column":0},"end":{"line":9,"column":33}},"9":{"start":{"line":10,"column":0},"end":{"line":10,"column":22}},"10":{"start":{"line":11,"column":0},"end":{"line":11,"column":4}},"12":{"start":{"line":13,"column":0},"end":{"line":13,"column":35}},"13":{"start":{"line":14,"column":0},"end":{"line":14,"column":24}},"14":{"start":{"line":15,"column":0},"end":{"line":15,"column":4}},"16":{"start":{"line":17,"column":0},"end":{"line":17,"column":10}},"17":{"start":{"line":18,"column":0},"end":{"line":18,"column":49}},"18":{"start":{"line":19,"column":0},"end":{"line":19,"column":85}},"19":{"start":{"line":20,"column":0},"end":{"line":20,"column":11}},"20":{"start":{"line":21,"column":0},"end":{"line":21,"column":92}},"21":{"start":{"line":22,"column":0},"end":{"line":22,"column":39}},"22":{"start":{"line":23,"column":0},"end":{"line":23,"column":9}},"26":{"start":{"line":27,"column":0},"end":{"line":27,"column":53}},"27":{"start":{"line":28,"column":0},"end":{"line":28,"column":17}},"28":{"start":{"line":29,"column":0},"end":{"line":29,"column":39}},"29":{"start":{"line":30,"column":0},"end":{"line":30,"column":135}},"30":{"start":{"line":31,"column":0},"end":{"line":31,"column":36}},"32":{"start":{"line":33,"column":0},"end":{"line":33,"column":49}},"33":{"start":{"line":34,"column":0},"end":{"line":34,"column":67}},"38":{"start":{"line":39,"column":0},"end":{"line":39,"column":17}},"39":{"start":{"line":40,"column":0},"end":{"line":40,"column":37}},"40":{"start":{"line":41,"column":0},"end":{"line":41,"column":114}},"41":{"start":{"line":42,"column":0},"end":{"line":42,"column":38}},"43":{"start":{"line":44,"column":0},"end":{"line":44,"column":48}},"44":{"start":{"line":45,"column":0},"end":{"line":45,"column":32}},"45":{"start":{"line":46,"column":0},"end":{"line":46,"column":141}},"46":{"start":{"line":47,"column":0},"end":{"line":47,"column":54}},"54":{"start":{"line":55,"column":0},"end":{"line":55,"column":1}}},"s":{"0":1,"1":1,"2":1,"4":1,"5":3,"6":3,"8":3,"9":1,"10":1,"12":3,"13":1,"14":1,"16":3,"17":3,"18":3,"19":3,"20":3,"21":3,"22":3,"26":3,"27":3,"28":3,"29":3,"30":3,"32":3,"33":3,"38":3,"39":3,"40":3,"41":3,"43":3,"44":3,"45":3,"46":3,"54":3},"branchMap":{"0":{"type":"branch","line":5,"loc":{"start":{"line":5,"column":15},"end":{"line":55,"column":1}},"locations":[{"start":{"line":5,"column":15},"end":{"line":55,"column":1}}]},"1":{"type":"branch","line":9,"loc":{"start":{"line":9,"column":26},"end":{"line":11,"column":4}},"locations":[{"start":{"line":9,"column":26},"end":{"line":11,"column":4}}]},"2":{"type":"branch","line":13,"loc":{"start":{"line":13,"column":28},"end":{"line":15,"column":4}},"locations":[{"start":{"line":13,"column":28},"end":{"line":15,"column":4}}]},"3":{"type":"branch","line":22,"loc":{"start":{"line":22,"column":19},"end":{"line":22,"column":39}},"locations":[{"start":{"line":22,"column":19},"end":{"line":22,"column":39}}]}},"b":{"0":[3],"1":[1],"2":[1],"3":[1]},"fnMap":{"0":{"name":"Header","decl":{"start":{"line":5,"column":15},"end":{"line":55,"column":1}},"loc":{"start":{"line":5,"column":15},"end":{"line":55,"column":1}},"line":5},"1":{"name":"handleCartClick","decl":{"start":{"line":9,"column":26},"end":{"line":11,"column":4}},"loc":{"start":{"line":9,"column":26},"end":{"line":11,"column":4}},"line":9},"2":{"name":"handleOrdersClick","decl":{"start":{"line":13,"column":28},"end":{"line":15,"column":4}},"loc":{"start":{"line":13,"column":28},"end":{"line":15,"column":4}},"line":13},"3":{"name":"onClick","decl":{"start":{"line":22,"column":19},"end":{"line":22,"column":39}},"loc":{"start":{"line":22,"column":19},"end":{"line":22,"column":39}},"line":22}},"f":{"0":3,"1":1,"2":1,"3":1}}
,"C:\\Users\\luisg\\Desktop\\Projetos Dev\\teste-tecnico\\devnology-ecommerce\\frontend\\src\\components\\ProductCard.tsx": {"path":"C:\\Users\\luisg\\Desktop\\Projetos Dev\\teste-tecnico\\devnology-ecommerce\\frontend\\src\\components\\ProductCard.tsx","all":false,"statementMap":{"0":{"start":{"line":1,"column":0},"end":{"line":1,"column":57}},"2":{"start":{"line":3,"column":0},"end":{"line":3,"column":49}},"4":{"start":{"line":5,"column":0},"end":{"line":5,"column":64}},"5":{"start":{"line":6,"column":0},"end":{"line":6,"column":34}},"6":{"start":{"line":7,"column":0},"end":{"line":7,"column":10}},"7":{"start":{"line":8,"column":0},"end":{"line":8,"column":120}},"8":{"start":{"line":9,"column":0},"end":{"line":9,"column":48}},"9":{"start":{"line":10,"column":0},"end":{"line":10,"column":63}},"10":{"start":{"line":11,"column":0},"end":{"line":11,"column":61}},"13":{"start":{"line":14,"column":0},"end":{"line":14,"column":47}},"14":{"start":{"line":15,"column":0},"end":{"line":15,"column":97}},"15":{"start":{"line":16,"column":0},"end":{"line":16,"column":30}},"20":{"start":{"line":21,"column":0},"end":{"line":21,"column":27}},"21":{"start":{"line":22,"column":0},"end":{"line":22,"column":122}},"22":{"start":{"line":23,"column":0},"end":{"line":23,"column":24}},"25":{"start":{"line":26,"column":0},"end":{"line":26,"column":63}},"26":{"start":{"line":27,"column":0},"end":{"line":27,"column":31}},"29":{"start":{"line":30,"column":0},"end":{"line":30,"column":64}},"30":{"start":{"line":31,"column":0},"end":{"line":31,"column":62}},"31":{"start":{"line":32,"column":0},"end":{"line":32,"column":28}},"35":{"start":{"line":36,"column":0},"end":{"line":36,"column":57}},"36":{"start":{"line":37,"column":0},"end":{"line":37,"column":48}},"37":{"start":{"line":38,"column":0},"end":{"line":38,"column":34}},"38":{"start":{"line":39,"column":0},"end":{"line":39,"column":67}},"40":{"start":{"line":41,"column":0},"end":{"line":41,"column":48}},"41":{"start":{"line":42,"column":0},"end":{"line":42,"column":38}},"42":{"start":{"line":43,"column":0},"end":{"line":43,"column":69}},"44":{"start":{"line":45,"column":0},"end":{"line":45,"column":48}},"45":{"start":{"line":46,"column":0},"end":{"line":46,"column":36}},"46":{"start":{"line":47,"column":0},"end":{"line":47,"column":67}},"50":{"start":{"line":51,"column":0},"end":{"line":51,"column":15}},"51":{"start":{"line":52,"column":0},"end":{"line":52,"column":44}},"52":{"start":{"line":53,"column":0},"end":{"line":53,"column":171}},"54":{"start":{"line":55,"column":0},"end":{"line":55,"column":51}},"60":{"start":{"line":61,"column":0},"end":{"line":61,"column":1}}},"s":{"0":1,"2":1,"4":1,"5":6,"6":6,"7":6,"8":6,"9":6,"10":6,"13":6,"14":6,"15":6,"20":6,"21":6,"22":6,"25":6,"26":6,"29":6,"30":6,"31":6,"35":6,"36":6,"37":6,"38":6,"40":6,"41":6,"42":6,"44":6,"45":6,"46":6,"50":6,"51":6,"52":6,"54":6,"60":6},"branchMap":{"0":{"type":"branch","line":5,"loc":{"start":{"line":5,"column":7},"end":{"line":61,"column":1}},"locations":[{"start":{"line":5,"column":7},"end":{"line":61,"column":1}}]},"1":{"type":"branch","line":52,"loc":{"start":{"line":52,"column":19},"end":{"line":52,"column":44}},"locations":[{"start":{"line":52,"column":19},"end":{"line":52,"column":44}}]}},"b":{"0":[6],"1":[4]},"fnMap":{"0":{"name":"ProductCard","decl":{"start":{"line":5,"column":7},"end":{"line":61,"column":1}},"loc":{"start":{"line":5,"column":7},"end":{"line":61,"column":1}},"line":5},"1":{"name":"onClick","decl":{"start":{"line":52,"column":19},"end":{"line":52,"column":44}},"loc":{"start":{"line":52,"column":19},"end":{"line":52,"column":44}},"line":52}},"f":{"0":6,"1":4}}
,"C:\\Users\\luisg\\Desktop\\Projetos Dev\\teste-tecnico\\devnology-ecommerce\\frontend\\src\\components\\SearchBar.tsx": {"path":"C:\\Users\\luisg\\Desktop\\Projetos Dev\\teste-tecnico\\devnology-ecommerce\\frontend\\src\\components\\SearchBar.tsx","all":false,"statementMap":{"5":{"start":{"line":6,"column":0},"end":{"line":6,"column":79}},"6":{"start":{"line":7,"column":0},"end":{"line":7,"column":10}},"7":{"start":{"line":8,"column":0},"end":{"line":8,"column":9}},"8":{"start":{"line":9,"column":0},"end":{"line":9,"column":87}},"11":{"start":{"line":12,"column":0},"end":{"line":12,"column":12}},"12":{"start":{"line":13,"column":0},"end":{"line":13,"column":19}},"13":{"start":{"line":14,"column":0},"end":{"line":14,"column":19}},"14":{"start":{"line":15,"column":0},"end":{"line":15,"column":22}},"15":{"start":{"line":16,"column":0},"end":{"line":16,"column":56}},"16":{"start":{"line":17,"column":0},"end":{"line":17,"column":62}},"17":{"start":{"line":18,"column":0},"end":{"line":18,"column":147}},"21":{"start":{"line":22,"column":0},"end":{"line":22,"column":1}}},"s":{"5":1,"6":3,"7":3,"8":3,"11":3,"12":3,"13":3,"14":3,"15":3,"16":3,"17":3,"21":3},"branchMap":{"0":{"type":"branch","line":6,"loc":{"start":{"line":6,"column":15},"end":{"line":22,"column":1}},"locations":[{"start":{"line":6,"column":15},"end":{"line":22,"column":1}}]},"1":{"type":"branch","line":16,"loc":{"start":{"line":16,"column":18},"end":{"line":16,"column":56}},"locations":[{"start":{"line":16,"column":18},"end":{"line":16,"column":56}}]}},"b":{"0":[3],"1":[27]},"fnMap":{"0":{"name":"SearchBar","decl":{"start":{"line":6,"column":15},"end":{"line":22,"column":1}},"loc":{"start":{"line":6,"column":15},"end":{"line":22,"column":1}},"line":6},"1":{"name":"onChange","decl":{"start":{"line":16,"column":18},"end":{"line":16,"column":56}},"loc":{"start":{"line":16,"column":18},"end":{"line":16,"column":56}},"line":16}},"f":{"0":3,"1":27}}
,"C:\\Users\\luisg\\Desktop\\Projetos Dev\\teste-tecnico\\devnology-ecommerce\\frontend\\src\\context\\CartContext.tsx": {"path":"C:\\Users\\luisg\\Desktop\\Projetos Dev\\teste-tecnico\\devnology-ecommerce\\frontend\\src\\context\\CartContext.tsx","all":false,"statementMap":{"0":{"start":{"line":1,"column":0},"end":{"line":1,"column":60}},"2":{"start":{"line":3,"column":0},"end":{"line":3,"column":36}},"21":{"start":{"line":22,"column":0},"end":{"line":22,"column":74}},"23":{"start":{"line":24,"column":0},"end":{"line":24,"column":75}},"24":{"start":{"line":25,"column":0},"end":{"line":25,"column":53}},"25":{"start":{"line":26,"column":0},"end":{"line":26,"column":46}},"27":{"start":{"line":28,"column":0},"end":{"line":28,"column":73}},"28":{"start":{"line":29,"column":0},"end":{"line":29,"column":34}},"29":{"start":{"line":30,"column":0},"end":{"line":30,"column":72}},"30":{"start":{"line":31,"column":0},"end":{"line":31,"column":5}},"33":{"start":{"line":34,"column":0},"end":{"line":34,"column":43}},"34":{"start":{"line":35,"column":0},"end":{"line":35,"column":29}},"35":{"start":{"line":36,"column":0},"end":{"line":36,"column":42}},"36":{"start":{"line":37,"column":0},"end":{"line":37,"column":48}},"38":{"start":{"line":39,"column":0},"end":{"line":39,"column":25}},"39":{"start":{"line":40,"column":0},"end":{"line":40,"column":38}},"40":{"start":{"line":41,"column":0},"end":{"line":41,"column":40}},"41":{"start":{"line":42,"column":0},"end":{"line":42,"column":54}},"42":{"start":{"line":43,"column":0},"end":{"line":43,"column":18}},"44":{"start":{"line":45,"column":0},"end":{"line":45,"column":7}},"45":{"start":{"line":46,"column":0},"end":{"line":46,"column":54}},"46":{"start":{"line":47,"column":0},"end":{"line":47,"column":7}},"47":{"start":{"line":48,"column":0},"end":{"line":48,"column":56}},"48":{"start":{"line":49,"column":0},"end":{"line":49,"column":21}},"49":{"start":{"line":50,"column":0},"end":{"line":50,"column":7}},"50":{"start":{"line":51,"column":0},"end":{"line":51,"column":4}},"52":{"start":{"line":53,"column":0},"end":{"line":53,"column":49}},"53":{"start":{"line":54,"column":0},"end":{"line":54,"column":27}},"54":{"start":{"line":55,"column":0},"end":{"line":55,"column":63}},"56":{"start":{"line":57,"column":0},"end":{"line":57,"column":55}},"57":{"start":{"line":58,"column":0},"end":{"line":58,"column":21}},"58":{"start":{"line":59,"column":0},"end":{"line":59,"column":7}},"59":{"start":{"line":60,"column":0},"end":{"line":60,"column":4}},"61":{"start":{"line":62,"column":0},"end":{"line":62,"column":51}},"62":{"start":{"line":63,"column":0},"end":{"line":63,"column":27}},"63":{"start":{"line":64,"column":0},"end":{"line":64,"column":29}},"64":{"start":{"line":65,"column":0},"end":{"line":65,"column":37}},"65":{"start":{"line":66,"column":0},"end":{"line":66,"column":52}},"66":{"start":{"line":67,"column":0},"end":{"line":67,"column":16}},"69":{"start":{"line":70,"column":0},"end":{"line":70,"column":4}},"71":{"start":{"line":72,"column":0},"end":{"line":72,"column":51}},"72":{"start":{"line":73,"column":0},"end":{"line":73,"column":27}},"73":{"start":{"line":74,"column":0},"end":{"line":74,"column":29}},"74":{"start":{"line":75,"column":0},"end":{"line":75,"column":37}},"75":{"start":{"line":76,"column":0},"end":{"line":76,"column":65}},"76":{"start":{"line":77,"column":0},"end":{"line":77,"column":16}},"79":{"start":{"line":80,"column":0},"end":{"line":80,"column":4}},"81":{"start":{"line":82,"column":0},"end":{"line":82,"column":46}},"83":{"start":{"line":84,"column":0},"end":{"line":84,"column":27}},"84":{"start":{"line":85,"column":0},"end":{"line":85,"column":27}},"85":{"start":{"line":86,"column":0},"end":{"line":86,"column":43}},"86":{"start":{"line":87,"column":0},"end":{"line":87,"column":23}},"87":{"start":{"line":88,"column":0},"end":{"line":88,"column":9}},"88":{"start":{"line":89,"column":0},"end":{"line":89,"column":5}},"89":{"start":{"line":90,"column":0},"end":{"line":90,"column":17}},"90":{"start":{"line":91,"column":0},"end":{"line":91,"column":4}},"91":{"start":{"line":92,"column":0},"end":{"line":92,"column":10}},"92":{"start":{"line":93,"column":0},"end":{"line":93,"column":25}},"93":{"start":{"line":94,"column":0},"end":{"line":94,"column":14}},"94":{"start":{"line":95,"column":0},"end":{"line":95,"column":14}},"95":{"start":{"line":96,"column":0},"end":{"line":96,"column":19}},"96":{"start":{"line":97,"column":0},"end":{"line":97,"column":19}},"97":{"start":{"line":98,"column":0},"end":{"line":98,"column":15}},"98":{"start":{"line":99,"column":0},"end":{"line":99,"column":18}},"99":{"start":{"line":100,"column":0},"end":{"line":100,"column":23}},"100":{"start":{"line":101,"column":0},"end":{"line":101,"column":25}},"101":{"start":{"line":102,"column":0},"end":{"line":102,"column":25}},"102":{"start":{"line":103,"column":0},"end":{"line":103,"column":19}},"103":{"start":{"line":104,"column":0},"end":{"line":104,"column":18}},"104":{"start":{"line":105,"column":0},"end":{"line":105,"column":8}},"106":{"start":{"line":107,"column":0},"end":{"line":107,"column":16}},"109":{"start":{"line":110,"column":0},"end":{"line":110,"column":1}},"110":{"start":{"line":111,"column":0},"end":{"line":111,"column":64}},"111":{"start":{"line":112,"column":0},"end":{"line":112,"column":27}},"112":{"start":{"line":113,"column":0},"end":{"line":113,"column":42}},"113":{"start":{"line":114,"column":0},"end":{"line":114,"column":17}},"114":{"start":{"line":115,"column":0},"end":{"line":115,"column":69}},"115":{"start":{"line":116,"column":0},"end":{"line":116,"column":3}},"116":{"start":{"line":117,"column":0},"end":{"line":117,"column":17}},"117":{"start":{"line":118,"column":0},"end":{"line":118,"column":1}}},"s":{"0":1,"2":1,"21":1,"23":1,"24":9,"25":9,"27":9,"28":9,"29":9,"30":9,"33":9,"34":4,"35":4,"36":4,"38":4,"39":2,"40":2,"41":2,"42":0,"44":2,"45":2,"46":2,"47":4,"48":4,"49":4,"50":4,"52":9,"53":0,"54":0,"56":0,"57":0,"58":0,"59":0,"61":9,"62":0,"63":0,"64":0,"65":0,"66":0,"69":0,"71":9,"72":0,"73":0,"74":0,"75":0,"76":0,"79":0,"81":9,"83":9,"84":0,"85":0,"86":0,"87":0,"88":0,"89":0,"90":0,"91":9,"92":9,"93":9,"94":9,"95":9,"96":9,"97":9,"98":9,"99":9,"100":9,"101":9,"102":9,"103":9,"104":9,"106":9,"109":9,"110":1,"111":1,"112":9,"113":9,"114":0,"115":0,"116":9,"117":9},"branchMap":{"0":{"type":"branch","line":24,"loc":{"start":{"line":24,"column":7},"end":{"line":110,"column":1}},"locations":[{"start":{"line":24,"column":7},"end":{"line":110,"column":1}}]},"1":{"type":"branch","line":28,"loc":{"start":{"line":28,"column":34},"end":{"line":28,"column":68}},"locations":[{"start":{"line":28,"column":34},"end":{"line":28,"column":68}}]},"2":{"type":"branch","line":30,"loc":{"start":{"line":30,"column":4},"end":{"line":30,"column":71}},"locations":[{"start":{"line":30,"column":4},"end":{"line":30,"column":71}}]},"3":{"type":"branch","line":34,"loc":{"start":{"line":34,"column":20},"end":{"line":51,"column":4}},"locations":[{"start":{"line":34,"column":20},"end":{"line":51,"column":4}}]},"4":{"type":"branch","line":35,"loc":{"start":{"line":35,"column":13},"end":{"line":47,"column":7}},"locations":[{"start":{"line":35,"column":13},"end":{"line":47,"column":7}}]},"5":{"type":"branch","line":39,"loc":{"start":{"line":39,"column":24},"end":{"line":47,"column":7}},"locations":[{"start":{"line":39,"column":24},"end":{"line":47,"column":7}}]},"6":{"type":"branch","line":37,"loc":{"start":{"line":37,"column":8},"end":{"line":37,"column":48}},"locations":[{"start":{"line":37,"column":8},"end":{"line":37,"column":48}}]},"7":{"type":"branch","line":40,"loc":{"start":{"line":40,"column":29},"end":{"line":43,"column":18}},"locations":[{"start":{"line":40,"column":29},"end":{"line":43,"column":18}}]},"8":{"type":"branch","line":42,"loc":{"start":{"line":42,"column":53},"end":{"line":43,"column":18}},"locations":[{"start":{"line":42,"column":53},"end":{"line":43,"column":18}}]},"9":{"type":"branch","line":112,"loc":{"start":{"line":112,"column":7},"end":{"line":118,"column":1}},"locations":[{"start":{"line":112,"column":7},"end":{"line":118,"column":1}}]},"10":{"type":"branch","line":114,"loc":{"start":{"line":114,"column":16},"end":{"line":116,"column":3}},"locations":[{"start":{"line":114,"column":16},"end":{"line":116,"column":3}}]}},"b":{"0":[9],"1":[4],"2":[4],"3":[4],"4":[4],"5":[2],"6":[2],"7":[2],"8":[0],"9":[9],"10":[0]},"fnMap":{"0":{"name":"CartProvider","decl":{"start":{"line":24,"column":7},"end":{"line":110,"column":1}},"loc":{"start":{"line":24,"column":7},"end":{"line":110,"column":1}},"line":24},"1":{"name":"addToCart","decl":{"start":{"line":34,"column":20},"end":{"line":51,"column":4}},"loc":{"start":{"line":34,"column":20},"end":{"line":51,"column":4}},"line":34},"2":{"name":"removeFromCart","decl":{"start":{"line":53,"column":25},"end":{"line":60,"column":4}},"loc":{"start":{"line":53,"column":25},"end":{"line":60,"column":4}},"line":53},"3":{"name":"increaseQuantity","decl":{"start":{"line":62,"column":27},"end":{"line":70,"column":4}},"loc":{"start":{"line":62,"column":27},"end":{"line":70,"column":4}},"line":62},"4":{"name":"decreaseQuantity","decl":{"start":{"line":72,"column":27},"end":{"line":80,"column":4}},"loc":{"start":{"line":72,"column":27},"end":{"line":80,"column":4}},"line":72},"5":{"name":"toggleCart","decl":{"start":{"line":82,"column":21},"end":{"line":82,"column":46}},"loc":{"start":{"line":82,"column":21},"end":{"line":82,"column":46}},"line":82},"6":{"name":"clearCart","decl":{"start":{"line":84,"column":20},"end":{"line":91,"column":4}},"loc":{"start":{"line":84,"column":20},"end":{"line":91,"column":4}},"line":84},"7":{"name":"useCart","decl":{"start":{"line":112,"column":7},"end":{"line":118,"column":1}},"loc":{"start":{"line":112,"column":7},"end":{"line":118,"column":1}},"line":112}},"f":{"0":9,"1":4,"2":0,"3":0,"4":0,"5":0,"6":0,"7":9}}
}
